[35m[Appium][39m Welcome to Appium v1.20.2
[35m[Appium][39m Non-default server args:
[35m[Appium][39m   port: 57710
[35m[Appium][39m   loglevel: info
[35m[Appium][39m   tmpDir: /var/folders/6f/zvyvj2nj5cx0h27rc8xpfl70svzgvf/T//Katalon/Appium/Temp1614090407016
[35m[Appium][39m   chromedriverPort: 57711
[35m[Appium][39m Deprecated server args:
[35m[Appium][39m   [31m--chromedriver-port[39m => --default-capabilities
[35m[Appium][39m Default capabilities, which will be added to each request unless overridden by desired capabilities:
[35m[Appium][39m   chromedriverPort: 57711
[35m[Appium][39m Appium REST http interface listener started on 0.0.0.0:57710
[35m[HTTP][39m [37m-->[39m [37mGET[39m [37m/wd/hub/status[39m
[35m[HTTP][39m [90m{}[39m
[35m[HTTP][39m [37m<-- GET /wd/hub/status [39m[32m200[39m [90m4 ms - 68[39m
[35m[HTTP][39m [90m[39m
[35m[HTTP][39m [37m-->[39m [37mGET[39m [37m/wd/hub/status[39m
[35m[HTTP][39m [90m{}[39m
[35m[HTTP][39m [37m<-- GET /wd/hub/status [39m[32m200[39m [90m1 ms - 68[39m
[35m[HTTP][39m [90m[39m
[35m[HTTP][39m [37m-->[39m [37mPOST[39m [37m/wd/hub/session[39m
[35m[HTTP][39m [90m{"desiredCapabilities":{"app":"/Users/ngochuynh/Downloads/ApiDemos-WhiteScreen 5.apk","noReset":true,"deviceName":"emulator-5554 (sdk_gphone_x86_arm - Android 11)","fullReset":false,"platform":"ANDROID","newCommandTimeout":1800,"platformVersion":"11","automationName":"uiautomator2","autoGrantPermissions":true,"platformName":"Android","udid":"emulator-5554","systemPort":57722},"capabilities":{"firstMatch":[{"appium:app":"/Users/ngochuynh/Downloads/ApiDemos-WhiteScreen 5.apk","appium:autoGrantPermissions":true,"appium:automationName":"uiautomator2","appium:deviceName":"emulator-5554 (sdk_gphone_x86_arm - Android 11)","appium:fullReset":false,"appium:newCommandTimeout":1800,"appium:noReset":true,"platform":"ANDROID","platformName":"android","appium:platformVersion":"11","appium:systemPort":57722,"appium:udid":"emulator-5554"}]}}[39m
[35m[BaseDriver][39m The following capabilities are not standard capabilities and should have an extension prefix:
[35m[BaseDriver][39m   platform
[35m[BaseDriver][39m   chromedriverPort
[35m[Appium][39m Appium v1.20.2 creating new AndroidUiautomator2Driver (v1.61.2) session
[35m[BaseDriver][39m The following capabilities were provided, but are not recognized by Appium:
[35m[BaseDriver][39m   platform
[35m[BaseDriver][39m Session created with session id: 4e4a7814-52c8-4c54-b660-a64d029e89c5
[35m[BaseDriver][39m Using local app '/Users/ngochuynh/Downloads/ApiDemos-WhiteScreen 5.apk'
[35m[ADB][39m Found 1 'build-tools' folders under '/Users/ngochuynh/.katalon/tools/android_sdk' (newest first):
[35m[ADB][39m     /Users/ngochuynh/.katalon/tools/android_sdk/build-tools/29.0.3
[35m[ADB][39m Using 'adb' from '/Users/ngochuynh/.katalon/tools/android_sdk/platform-tools/adb'
[35m[AndroidDriver][39m Retrieving device list
[35m[AndroidDriver][39m Using device: emulator-5554
[35m[ADB][39m Using 'adb' from '/Users/ngochuynh/.katalon/tools/android_sdk/platform-tools/adb'
[35m[ADB][39m Getting device platform version
[35m[UiAutomator2][39m Relaxing hidden api policy
[35m[ADB][39m Package name: 'io.appium.android.apis'
[35m[ADB][39m Main activity name: 'io.appium.android.apis.ApiDemos'
[35m[ADB][39m Using 'apksigner.jar' from '/Users/ngochuynh/.katalon/tools/android_sdk/build-tools/29.0.3/lib/apksigner.jar'
[35m[ADB][39m '/usr/local/lib/node_modules/appium/node_modules/appium-uiautomator2-server/apks/appium-uiautomator2-server-v4.17.4.apk' is signed with the default certificate
[35m[ADB][39m '/usr/local/lib/node_modules/appium/node_modules/appium-uiautomator2-server/apks/appium-uiautomator2-server-debug-androidTest.apk' is signed with the default certificate
[35m[UiAutomator2][39m Server packages are not going to be (re)installed
[35m[ADB][39m Adding packages ["io.appium.settings","io.appium.uiautomator2.server","io.appium.uiautomator2.server.test"] to Doze whitelist
[35m[ADB][39m '/Users/ngochuynh/Downloads/ApiDemos-WhiteScreen 5.apk' is signed with the default certificate
[35m[UiAutomator2][39m Starting UIAutomator2 server 4.17.4
[35m[UiAutomator2][39m Using UIAutomator2 server from '/usr/local/lib/node_modules/appium/node_modules/appium-uiautomator2-server/apks/appium-uiautomator2-server-v4.17.4.apk' and test from '/usr/local/lib/node_modules/appium/node_modules/appium-uiautomator2-server/apks/appium-uiautomator2-server-debug-androidTest.apk'
[35m[UiAutomator2][39m Waiting up to 30000ms for UiAutomator2 to be online...
[35m[WD Proxy][39m socket hang up
[35m[WD Proxy][39m socket hang up
[35m[WD Proxy][39m Determined the downstream protocol as 'W3C'
[35m[AndroidDriver][39m Screen already unlocked, doing nothing
[35m[UiAutomator2][39m Starting 'io.appium.android.apis/io.appium.android.apis.ApiDemos and waiting for 'io.appium.android.apis/io.appium.android.apis.ApiDemos'
[35m[Appium][39m New AndroidUiautomator2Driver session created successfully, session 4e4a7814-52c8-4c54-b660-a64d029e89c5 added to master session list
[35m[HTTP][39m [37m<-- POST /wd/hub/session [39m[32m200[39m [90m6696 ms - 1293[39m
[35m[HTTP][39m [90m[39m
[35m[HTTP][39m [37m-->[39m [37mGET[39m [37m/wd/hub/session/4e4a7814-52c8-4c54-b660-a64d029e89c5[39m
[35m[HTTP][39m [90m{}[39m
[35m[HTTP][39m [37m<-- GET /wd/hub/session/4e4a7814-52c8-4c54-b660-a64d029e89c5 [39m[32m200[39m [90m10 ms - 1247[39m
[35m[HTTP][39m [90m[39m
[35m[HTTP][39m [37m-->[39m [37mGET[39m [37m/wd/hub/session/4e4a7814-52c8-4c54-b660-a64d029e89c5[39m
[35m[HTTP][39m [90m{}[39m
[35m[HTTP][39m [37m<-- GET /wd/hub/session/4e4a7814-52c8-4c54-b660-a64d029e89c5 [39m[32m200[39m [90m11 ms - 1247[39m
[35m[HTTP][39m [90m[39m
[35m[HTTP][39m [37m-->[39m [37mGET[39m [37m/wd/hub/status[39m
[35m[HTTP][39m [90m{}[39m
[35m[HTTP][39m [37m<-- GET /wd/hub/status [39m[32m200[39m [90m1 ms - 68[39m
[35m[HTTP][39m [90m[39m
[35m[HTTP][39m [37m-->[39m [37mPOST[39m [37m/wd/hub/session/4e4a7814-52c8-4c54-b660-a64d029e89c5/timeouts[39m
[35m[HTTP][39m [90m{"implicit":60000}[39m
[35m[HTTP][39m [37m<-- POST /wd/hub/session/4e4a7814-52c8-4c54-b660-a64d029e89c5/timeouts [39m[32m200[39m [90m2 ms - 14[39m
[35m[HTTP][39m [90m[39m
[35m[HTTP][39m [37m-->[39m [37mGET[39m [37m/wd/hub/session/4e4a7814-52c8-4c54-b660-a64d029e89c5/source[39m
[35m[HTTP][39m [90m{}[39m
[35m[W3C (4e4a7814)][39m Driver proxy active, passing request on via HTTP proxy
[35m[WD Proxy][39m Replacing sessionId c613d821-c1a2-40ab-aa4f-4830d9330420 with 4e4a7814-52c8-4c54-b660-a64d029e89c5
[35m[HTTP][39m [37m<-- GET /wd/hub/session/4e4a7814-52c8-4c54-b660-a64d029e89c5/source [39m[32m200[39m [90m329 ms - 8922[39m
[35m[HTTP][39m [90m[39m
[35m[HTTP][39m [37m-->[39m [37mGET[39m [37m/wd/hub/session/4e4a7814-52c8-4c54-b660-a64d029e89c5/screenshot[39m
[35m[HTTP][39m [90m{}[39m
[35m[HTTP][39m [37m<-- GET /wd/hub/session/4e4a7814-52c8-4c54-b660-a64d029e89c5/screenshot [39m[32m200[39m [90m182 ms - 61050[39m
[35m[HTTP][39m [90m[39m
[35m[HTTP][39m [37m-->[39m [37mPOST[39m [37m/wd/hub/session/4e4a7814-52c8-4c54-b660-a64d029e89c5/elements[39m
[35m[HTTP][39m [90m{"using":"xpath","value":"//*[@class = 'android.widget.TextView' and (@text = 'OS' or . = 'OS') and @resource-id = 'android:id/text1']"}[39m
[35m[HTTP][39m [37m<-- POST /wd/hub/session/4e4a7814-52c8-4c54-b660-a64d029e89c5/elements [39m[32m200[39m [90m208 ms - 139[39m
[35m[HTTP][39m [90m[39m
[35m[HTTP][39m [37m-->[39m [37mGET[39m [37m/wd/hub/session/4e4a7814-52c8-4c54-b660-a64d029e89c5/window/rect[39m
[35m[HTTP][39m [90m{}[39m
[35m[HTTP][39m [37m<-- GET /wd/hub/session/4e4a7814-52c8-4c54-b660-a64d029e89c5/window/rect [39m[32m200[39m [90m15 ms - 49[39m
[35m[HTTP][39m [90m[39m
[35m[HTTP][39m [37m-->[39m [37mPOST[39m [37m/wd/hub/session/4e4a7814-52c8-4c54-b660-a64d029e89c5/elements[39m
[35m[HTTP][39m [90m{"using":"xpath","value":"//*[@class = 'android.widget.TextView' and (@text = 'OS' or . = 'OS') and @resource-id = 'android:id/text1']"}[39m
[35m[HTTP][39m [37m<-- POST /wd/hub/session/4e4a7814-52c8-4c54-b660-a64d029e89c5/elements [39m[32m200[39m [90m54 ms - 139[39m
[35m[HTTP][39m [90m[39m
[35m[HTTP][39m [37m-->[39m [37mGET[39m [37m/wd/hub/session/4e4a7814-52c8-4c54-b660-a64d029e89c5/element/227f9e2f-f6e7-4327-85ff-eacaf47e6547/location[39m
[35m[HTTP][39m [90m{}[39m
[35m[W3C (4e4a7814)][39m Driver proxy active, passing request on via HTTP proxy
[35m[WD Proxy][39m Replacing sessionId c613d821-c1a2-40ab-aa4f-4830d9330420 with 4e4a7814-52c8-4c54-b660-a64d029e89c5
[35m[HTTP][39m [37m<-- GET /wd/hub/session/4e4a7814-52c8-4c54-b660-a64d029e89c5/element/227f9e2f-f6e7-4327-85ff-eacaf47e6547/location [39m[32m200[39m [90m19 ms - 76[39m
[35m[HTTP][39m [90m[39m
[35m[HTTP][39m [37m-->[39m [37mPOST[39m [37m/wd/hub/session/4e4a7814-52c8-4c54-b660-a64d029e89c5/touch/perform[39m
[35m[HTTP][39m [90m{"actions":[{"action":"tap","options":{"x":1,"y":1,"element":"227f9e2f-f6e7-4327-85ff-eacaf47e6547"}}]}[39m
[35m[UiAutomator2][39m calling get location: 227f9e2f-f6e7-4327-85ff-eacaf47e6547
[35m[HTTP][39m [37m<-- POST /wd/hub/session/4e4a7814-52c8-4c54-b660-a64d029e89c5/touch/perform [39m[32m200[39m [90m1063 ms - 14[39m
[35m[HTTP][39m [90m[39m
[35m[HTTP][39m [37m-->[39m [37mGET[39m [37m/wd/hub/session/4e4a7814-52c8-4c54-b660-a64d029e89c5/source[39m
[35m[HTTP][39m [90m{}[39m
[35m[W3C (4e4a7814)][39m Driver proxy active, passing request on via HTTP proxy
[35m[WD Proxy][39m Replacing sessionId c613d821-c1a2-40ab-aa4f-4830d9330420 with 4e4a7814-52c8-4c54-b660-a64d029e89c5
[35m[HTTP][39m [37m<-- GET /wd/hub/session/4e4a7814-52c8-4c54-b660-a64d029e89c5/source [39m[32m200[39m [90m68 ms - 5870[39m
[35m[HTTP][39m [90m[39m
[35m[HTTP][39m [37m-->[39m [37mGET[39m [37m/wd/hub/session/4e4a7814-52c8-4c54-b660-a64d029e89c5/screenshot[39m
[35m[HTTP][39m [90m{}[39m
[35m[HTTP][39m [37m<-- GET /wd/hub/session/4e4a7814-52c8-4c54-b660-a64d029e89c5/screenshot [39m[32m200[39m [90m197 ms - 46344[39m
[35m[HTTP][39m [90m[39m
[35m[HTTP][39m [37m-->[39m [37mPOST[39m [37m/wd/hub/session/4e4a7814-52c8-4c54-b660-a64d029e89c5/elements[39m
[35m[HTTP][39m [90m{"using":"xpath","value":"//*[@class = 'android.widget.TextView' and (@text = 'SMS Messaging' or . = 'SMS Messaging') and @resource-id = 'android:id/text1']"}[39m
[35m[HTTP][39m [37m<-- POST /wd/hub/session/4e4a7814-52c8-4c54-b660-a64d029e89c5/elements [39m[32m200[39m [90m60 ms - 139[39m
[35m[HTTP][39m [90m[39m
[35m[HTTP][39m [37m-->[39m [37mGET[39m [37m/wd/hub/session/4e4a7814-52c8-4c54-b660-a64d029e89c5/window/rect[39m
[35m[HTTP][39m [90m{}[39m
[35m[HTTP][39m [37m<-- GET /wd/hub/session/4e4a7814-52c8-4c54-b660-a64d029e89c5/window/rect [39m[32m200[39m [90m18 ms - 49[39m
[35m[HTTP][39m [90m[39m
[35m[HTTP][39m [37m-->[39m [37mPOST[39m [37m/wd/hub/session/4e4a7814-52c8-4c54-b660-a64d029e89c5/elements[39m
[35m[HTTP][39m [90m{"using":"xpath","value":"//*[@class = 'android.widget.TextView' and (@text = 'SMS Messaging' or . = 'SMS Messaging') and @resource-id = 'android:id/text1']"}[39m
[35m[HTTP][39m [37m<-- POST /wd/hub/session/4e4a7814-52c8-4c54-b660-a64d029e89c5/elements [39m[32m200[39m [90m34 ms - 139[39m
[35m[HTTP][39m [90m[39m
[35m[HTTP][39m [37m-->[39m [37mGET[39m [37m/wd/hub/session/4e4a7814-52c8-4c54-b660-a64d029e89c5/element/3ea52fb8-ee91-4325-8974-ffdaa05f8641/location[39m
[35m[HTTP][39m [90m{}[39m
[35m[W3C (4e4a7814)][39m Driver proxy active, passing request on via HTTP proxy
[35m[WD Proxy][39m Replacing sessionId c613d821-c1a2-40ab-aa4f-4830d9330420 with 4e4a7814-52c8-4c54-b660-a64d029e89c5
[35m[HTTP][39m [37m<-- GET /wd/hub/session/4e4a7814-52c8-4c54-b660-a64d029e89c5/element/3ea52fb8-ee91-4325-8974-ffdaa05f8641/location [39m[32m200[39m [90m16 ms - 76[39m
[35m[HTTP][39m [90m[39m
[35m[HTTP][39m [37m-->[39m [37mPOST[39m [37m/wd/hub/session/4e4a7814-52c8-4c54-b660-a64d029e89c5/touch/perform[39m
[35m[HTTP][39m [90m{"actions":[{"action":"tap","options":{"x":1,"y":1,"element":"3ea52fb8-ee91-4325-8974-ffdaa05f8641"}}]}[39m
[35m[UiAutomator2][39m calling get location: 3ea52fb8-ee91-4325-8974-ffdaa05f8641
[35m[HTTP][39m [37m<-- POST /wd/hub/session/4e4a7814-52c8-4c54-b660-a64d029e89c5/touch/perform [39m[32m200[39m [90m1083 ms - 14[39m
[35m[HTTP][39m [90m[39m
[35m[HTTP][39m [37m-->[39m [37mGET[39m [37m/wd/hub/session/4e4a7814-52c8-4c54-b660-a64d029e89c5/source[39m
[35m[HTTP][39m [90m{}[39m
[35m[W3C (4e4a7814)][39m Driver proxy active, passing request on via HTTP proxy
[35m[WD Proxy][39m Replacing sessionId c613d821-c1a2-40ab-aa4f-4830d9330420 with 4e4a7814-52c8-4c54-b660-a64d029e89c5
[35m[HTTP][39m [37m<-- GET /wd/hub/session/4e4a7814-52c8-4c54-b660-a64d029e89c5/source [39m[32m200[39m [90m144 ms - 10451[39m
[35m[HTTP][39m [90m[39m
[35m[HTTP][39m [37m-->[39m [37mGET[39m [37m/wd/hub/session/4e4a7814-52c8-4c54-b660-a64d029e89c5/screenshot[39m
[35m[HTTP][39m [90m{}[39m
[35m[HTTP][39m [37m<-- GET /wd/hub/session/4e4a7814-52c8-4c54-b660-a64d029e89c5/screenshot [39m[32m200[39m [90m452 ms - 79100[39m
[35m[HTTP][39m [90m[39m
[35m[HTTP][39m [37m-->[39m [37mPOST[39m [37m/wd/hub/session/4e4a7814-52c8-4c54-b660-a64d029e89c5/elements[39m
[35m[HTTP][39m [90m{"using":"xpath","value":"//*[@class = 'android.widget.EditText' and @resource-id = 'io.appium.android.apis:id/sms_recipient' and (@text = '' or . = '')]"}[39m
[35m[HTTP][39m [37m<-- POST /wd/hub/session/4e4a7814-52c8-4c54-b660-a64d029e89c5/elements [39m[32m200[39m [90m95 ms - 139[39m
[35m[HTTP][39m [90m[39m
[35m[HTTP][39m [37m-->[39m [37mGET[39m [37m/wd/hub/session/4e4a7814-52c8-4c54-b660-a64d029e89c5/window/rect[39m
[35m[HTTP][39m [90m{}[39m
[35m[HTTP][39m [37m<-- GET /wd/hub/session/4e4a7814-52c8-4c54-b660-a64d029e89c5/window/rect [39m[32m200[39m [90m21 ms - 49[39m
[35m[HTTP][39m [90m[39m
[35m[HTTP][39m [37m-->[39m [37mPOST[39m [37m/wd/hub/session/4e4a7814-52c8-4c54-b660-a64d029e89c5/elements[39m
[35m[HTTP][39m [90m{"using":"xpath","value":"//*[@class = 'android.widget.EditText' and @resource-id = 'io.appium.android.apis:id/sms_recipient' and (@text = '' or . = '')]"}[39m
[35m[HTTP][39m [37m<-- POST /wd/hub/session/4e4a7814-52c8-4c54-b660-a64d029e89c5/elements [39m[32m200[39m [90m44 ms - 139[39m
[35m[HTTP][39m [90m[39m
[35m[HTTP][39m [37m-->[39m [37mGET[39m [37m/wd/hub/session/4e4a7814-52c8-4c54-b660-a64d029e89c5/element/f60df2e7-9d48-4eca-94cc-061604f3cc6e/location[39m
[35m[HTTP][39m [90m{}[39m
[35m[W3C (4e4a7814)][39m Driver proxy active, passing request on via HTTP proxy
[35m[WD Proxy][39m Replacing sessionId c613d821-c1a2-40ab-aa4f-4830d9330420 with 4e4a7814-52c8-4c54-b660-a64d029e89c5
[35m[HTTP][39m [37m<-- GET /wd/hub/session/4e4a7814-52c8-4c54-b660-a64d029e89c5/element/f60df2e7-9d48-4eca-94cc-061604f3cc6e/location [39m[32m200[39m [90m18 ms - 78[39m
[35m[HTTP][39m [90m[39m
[35m[HTTP][39m [37m-->[39m [37mPOST[39m [37m/wd/hub/session/4e4a7814-52c8-4c54-b660-a64d029e89c5/element/f60df2e7-9d48-4eca-94cc-061604f3cc6e/clear[39m
[35m[HTTP][39m [90m{"id":"f60df2e7-9d48-4eca-94cc-061604f3cc6e"}[39m
[35m[HTTP][39m [37m<-- POST /wd/hub/session/4e4a7814-52c8-4c54-b660-a64d029e89c5/element/f60df2e7-9d48-4eca-94cc-061604f3cc6e/clear [39m[32m200[39m [90m17 ms - 14[39m
[35m[HTTP][39m [90m[39m
[35m[HTTP][39m [37m-->[39m [37mPOST[39m [37m/wd/hub/session/4e4a7814-52c8-4c54-b660-a64d029e89c5/element/f60df2e7-9d48-4eca-94cc-061604f3cc6e/value[39m
[35m[HTTP][39m [90m{"id":"f60df2e7-9d48-4eca-94cc-061604f3cc6e","text":"12","value":["1","2"]}[39m
[35m[HTTP][39m [37m<-- POST /wd/hub/session/4e4a7814-52c8-4c54-b660-a64d029e89c5/element/f60df2e7-9d48-4eca-94cc-061604f3cc6e/value [39m[32m200[39m [90m547 ms - 14[39m
[35m[HTTP][39m [90m[39m
[35m[HTTP][39m [37m-->[39m [37mGET[39m [37m/wd/hub/session/4e4a7814-52c8-4c54-b660-a64d029e89c5/source[39m
[35m[HTTP][39m [90m{}[39m
[35m[W3C (4e4a7814)][39m Driver proxy active, passing request on via HTTP proxy
[35m[WD Proxy][39m Replacing sessionId c613d821-c1a2-40ab-aa4f-4830d9330420 with 4e4a7814-52c8-4c54-b660-a64d029e89c5
[35m[HTTP][39m [37m<-- GET /wd/hub/session/4e4a7814-52c8-4c54-b660-a64d029e89c5/source [39m[32m200[39m [90m59 ms - 10453[39m
[35m[HTTP][39m [90m[39m
[35m[HTTP][39m [37m-->[39m [37mGET[39m [37m/wd/hub/session/4e4a7814-52c8-4c54-b660-a64d029e89c5/screenshot[39m
[35m[HTTP][39m [90m{}[39m
[35m[HTTP][39m [37m<-- GET /wd/hub/session/4e4a7814-52c8-4c54-b660-a64d029e89c5/screenshot [39m[32m200[39m [90m172 ms - 80288[39m
[35m[HTTP][39m [90m[39m
[35m[HTTP][39m [37m-->[39m [37mPOST[39m [37m/wd/hub/session/4e4a7814-52c8-4c54-b660-a64d029e89c5/elements[39m
[35m[HTTP][39m [90m{"using":"xpath","value":"//*[@class = 'android.widget.EditText' and @resource-id = 'io.appium.android.apis:id/sms_content' and (@text = '' or . = '')]"}[39m
[35m[HTTP][39m [37m<-- POST /wd/hub/session/4e4a7814-52c8-4c54-b660-a64d029e89c5/elements [39m[32m200[39m [90m47 ms - 139[39m
[35m[HTTP][39m [90m[39m
[35m[HTTP][39m [37m-->[39m [37mGET[39m [37m/wd/hub/session/4e4a7814-52c8-4c54-b660-a64d029e89c5/window/rect[39m
[35m[HTTP][39m [90m{}[39m
[35m[HTTP][39m [37m<-- GET /wd/hub/session/4e4a7814-52c8-4c54-b660-a64d029e89c5/window/rect [39m[32m200[39m [90m37 ms - 49[39m
[35m[HTTP][39m [90m[39m
[35m[HTTP][39m [37m-->[39m [37mPOST[39m [37m/wd/hub/session/4e4a7814-52c8-4c54-b660-a64d029e89c5/elements[39m
[35m[HTTP][39m [90m{"using":"xpath","value":"//*[@class = 'android.widget.EditText' and @resource-id = 'io.appium.android.apis:id/sms_content' and (@text = '' or . = '')]"}[39m
[35m[HTTP][39m [37m<-- POST /wd/hub/session/4e4a7814-52c8-4c54-b660-a64d029e89c5/elements [39m[32m200[39m [90m53 ms - 139[39m
[35m[HTTP][39m [90m[39m
[35m[HTTP][39m [37m-->[39m [37mGET[39m [37m/wd/hub/session/4e4a7814-52c8-4c54-b660-a64d029e89c5/element/d04f7781-3026-4b65-8386-2e9c13337de3/location[39m
[35m[HTTP][39m [90m{}[39m
[35m[W3C (4e4a7814)][39m Driver proxy active, passing request on via HTTP proxy
[35m[WD Proxy][39m Replacing sessionId c613d821-c1a2-40ab-aa4f-4830d9330420 with 4e4a7814-52c8-4c54-b660-a64d029e89c5
[35m[HTTP][39m [37m<-- GET /wd/hub/session/4e4a7814-52c8-4c54-b660-a64d029e89c5/element/d04f7781-3026-4b65-8386-2e9c13337de3/location [39m[32m200[39m [90m18 ms - 78[39m
[35m[HTTP][39m [90m[39m
[35m[HTTP][39m [37m-->[39m [37mPOST[39m [37m/wd/hub/session/4e4a7814-52c8-4c54-b660-a64d029e89c5/touch/perform[39m
[35m[HTTP][39m [90m{"actions":[{"action":"tap","options":{"x":1,"y":1,"element":"d04f7781-3026-4b65-8386-2e9c13337de3"}}]}[39m
[35m[UiAutomator2][39m calling get location: d04f7781-3026-4b65-8386-2e9c13337de3
[35m[HTTP][39m [37m<-- POST /wd/hub/session/4e4a7814-52c8-4c54-b660-a64d029e89c5/touch/perform [39m[32m200[39m [90m174 ms - 14[39m
[35m[HTTP][39m [90m[39m
[35m[HTTP][39m [37m-->[39m [37mGET[39m [37m/wd/hub/session/4e4a7814-52c8-4c54-b660-a64d029e89c5/source[39m
[35m[HTTP][39m [90m{}[39m
[35m[W3C (4e4a7814)][39m Driver proxy active, passing request on via HTTP proxy
[35m[WD Proxy][39m Replacing sessionId c613d821-c1a2-40ab-aa4f-4830d9330420 with 4e4a7814-52c8-4c54-b660-a64d029e89c5
[35m[HTTP][39m [37m<-- GET /wd/hub/session/4e4a7814-52c8-4c54-b660-a64d029e89c5/source [39m[32m200[39m [90m258 ms - 10449[39m
[35m[HTTP][39m [90m[39m
[35m[HTTP][39m [37m-->[39m [37mGET[39m [37m/wd/hub/session/4e4a7814-52c8-4c54-b660-a64d029e89c5/screenshot[39m
[35m[HTTP][39m [90m{}[39m
[35m[HTTP][39m [37m<-- GET /wd/hub/session/4e4a7814-52c8-4c54-b660-a64d029e89c5/screenshot [39m[32m200[39m [90m206 ms - 134120[39m
[35m[HTTP][39m [90m[39m
[35m[HTTP][39m [37m-->[39m [37mPOST[39m [37m/wd/hub/session/4e4a7814-52c8-4c54-b660-a64d029e89c5/elements[39m
[35m[HTTP][39m [90m{"using":"xpath","value":"//*[@class = 'android.widget.EditText' and @resource-id = 'io.appium.android.apis:id/sms_content' and (@text = '' or . = '')]"}[39m
[35m[HTTP][39m [37m<-- POST /wd/hub/session/4e4a7814-52c8-4c54-b660-a64d029e89c5/elements [39m[32m200[39m [90m104 ms - 139[39m
[35m[HTTP][39m [90m[39m
[35m[HTTP][39m [37m-->[39m [37mGET[39m [37m/wd/hub/session/4e4a7814-52c8-4c54-b660-a64d029e89c5/window/rect[39m
[35m[HTTP][39m [90m{}[39m
[35m[HTTP][39m [37m<-- GET /wd/hub/session/4e4a7814-52c8-4c54-b660-a64d029e89c5/window/rect [39m[32m200[39m [90m25 ms - 49[39m
[35m[HTTP][39m [90m[39m
[35m[HTTP][39m [37m-->[39m [37mPOST[39m [37m/wd/hub/session/4e4a7814-52c8-4c54-b660-a64d029e89c5/elements[39m
[35m[HTTP][39m [90m{"using":"xpath","value":"//*[@class = 'android.widget.EditText' and @resource-id = 'io.appium.android.apis:id/sms_content' and (@text = '' or . = '')]"}[39m
[35m[HTTP][39m [37m<-- POST /wd/hub/session/4e4a7814-52c8-4c54-b660-a64d029e89c5/elements [39m[32m200[39m [90m56 ms - 139[39m
[35m[HTTP][39m [90m[39m
[35m[HTTP][39m [37m-->[39m [37mGET[39m [37m/wd/hub/session/4e4a7814-52c8-4c54-b660-a64d029e89c5/element/7b64336d-f459-4b6d-b2e0-983bed533c65/location[39m
[35m[HTTP][39m [90m{}[39m
[35m[W3C (4e4a7814)][39m Driver proxy active, passing request on via HTTP proxy
[35m[WD Proxy][39m Replacing sessionId c613d821-c1a2-40ab-aa4f-4830d9330420 with 4e4a7814-52c8-4c54-b660-a64d029e89c5
[35m[HTTP][39m [37m<-- GET /wd/hub/session/4e4a7814-52c8-4c54-b660-a64d029e89c5/element/7b64336d-f459-4b6d-b2e0-983bed533c65/location [39m[32m200[39m [90m19 ms - 78[39m
[35m[HTTP][39m [90m[39m
[35m[HTTP][39m [37m-->[39m [37mPOST[39m [37m/wd/hub/session/4e4a7814-52c8-4c54-b660-a64d029e89c5/element/7b64336d-f459-4b6d-b2e0-983bed533c65/clear[39m
[35m[HTTP][39m [90m{"id":"7b64336d-f459-4b6d-b2e0-983bed533c65"}[39m
[35m[HTTP][39m [37m<-- POST /wd/hub/session/4e4a7814-52c8-4c54-b660-a64d029e89c5/element/7b64336d-f459-4b6d-b2e0-983bed533c65/clear [39m[32m200[39m [90m47 ms - 14[39m
[35m[HTTP][39m [90m[39m
[35m[HTTP][39m [37m-->[39m [37mPOST[39m [37m/wd/hub/session/4e4a7814-52c8-4c54-b660-a64d029e89c5/element/7b64336d-f459-4b6d-b2e0-983bed533c65/value[39m
[35m[HTTP][39m [90m{"id":"7b64336d-f459-4b6d-b2e0-983bed533c65","text":"123","value":["1","2","3"]}[39m
[35m[HTTP][39m [37m<-- POST /wd/hub/session/4e4a7814-52c8-4c54-b660-a64d029e89c5/element/7b64336d-f459-4b6d-b2e0-983bed533c65/value [39m[32m200[39m [90m665 ms - 14[39m
[35m[HTTP][39m [90m[39m
[35m[HTTP][39m [37m-->[39m [37mGET[39m [37m/wd/hub/session/4e4a7814-52c8-4c54-b660-a64d029e89c5/source[39m
[35m[HTTP][39m [90m{}[39m
[35m[W3C (4e4a7814)][39m Driver proxy active, passing request on via HTTP proxy
[35m[WD Proxy][39m Replacing sessionId c613d821-c1a2-40ab-aa4f-4830d9330420 with 4e4a7814-52c8-4c54-b660-a64d029e89c5
[35m[HTTP][39m [37m<-- GET /wd/hub/session/4e4a7814-52c8-4c54-b660-a64d029e89c5/source [39m[32m200[39m [90m111 ms - 10452[39m
[35m[HTTP][39m [90m[39m
[35m[HTTP][39m [37m-->[39m [37mGET[39m [37m/wd/hub/session/4e4a7814-52c8-4c54-b660-a64d029e89c5/screenshot[39m
[35m[HTTP][39m [90m{}[39m
[35m[HTTP][39m [37m<-- GET /wd/hub/session/4e4a7814-52c8-4c54-b660-a64d029e89c5/screenshot [39m[32m200[39m [90m249 ms - 136200[39m
[35m[HTTP][39m [90m[39m
[35m[HTTP][39m [37m-->[39m [37mPOST[39m [37m/wd/hub/session/4e4a7814-52c8-4c54-b660-a64d029e89c5/elements[39m
[35m[HTTP][39m [90m{"using":"xpath","value":"//*[@class = 'android.widget.Button' and (@text = 'Send' or . = 'Send') and @resource-id = 'io.appium.android.apis:id/sms_send_message']"}[39m
[35m[HTTP][39m [37m<-- POST /wd/hub/session/4e4a7814-52c8-4c54-b660-a64d029e89c5/elements [39m[32m200[39m [90m49 ms - 139[39m
[35m[HTTP][39m [90m[39m
[35m[HTTP][39m [37m-->[39m [37mGET[39m [37m/wd/hub/session/4e4a7814-52c8-4c54-b660-a64d029e89c5/window/rect[39m
[35m[HTTP][39m [90m{}[39m
[35m[HTTP][39m [37m<-- GET /wd/hub/session/4e4a7814-52c8-4c54-b660-a64d029e89c5/window/rect [39m[32m200[39m [90m23 ms - 49[39m
[35m[HTTP][39m [90m[39m
[35m[HTTP][39m [37m-->[39m [37mPOST[39m [37m/wd/hub/session/4e4a7814-52c8-4c54-b660-a64d029e89c5/elements[39m
[35m[HTTP][39m [90m{"using":"xpath","value":"//*[@class = 'android.widget.Button' and (@text = 'Send' or . = 'Send') and @resource-id = 'io.appium.android.apis:id/sms_send_message']"}[39m
[35m[HTTP][39m [37m<-- POST /wd/hub/session/4e4a7814-52c8-4c54-b660-a64d029e89c5/elements [39m[32m200[39m [90m38 ms - 139[39m
[35m[HTTP][39m [90m[39m
[35m[HTTP][39m [37m-->[39m [37mGET[39m [37m/wd/hub/session/4e4a7814-52c8-4c54-b660-a64d029e89c5/element/fef48fdd-dde6-4492-87a0-fca64fbf6b71/location[39m
[35m[HTTP][39m [90m{}[39m
[35m[W3C (4e4a7814)][39m Driver proxy active, passing request on via HTTP proxy
[35m[WD Proxy][39m Replacing sessionId c613d821-c1a2-40ab-aa4f-4830d9330420 with 4e4a7814-52c8-4c54-b660-a64d029e89c5
[35m[HTTP][39m [37m<-- GET /wd/hub/session/4e4a7814-52c8-4c54-b660-a64d029e89c5/element/fef48fdd-dde6-4492-87a0-fca64fbf6b71/location [39m[32m200[39m [90m27 ms - 78[39m
[35m[HTTP][39m [90m[39m
[35m[HTTP][39m [37m-->[39m [37mPOST[39m [37m/wd/hub/session/4e4a7814-52c8-4c54-b660-a64d029e89c5/element/fef48fdd-dde6-4492-87a0-fca64fbf6b71/clear[39m
[35m[HTTP][39m [90m{"id":"fef48fdd-dde6-4492-87a0-fca64fbf6b71"}[39m
[35m[HTTP][39m [37m<-- POST /wd/hub/session/4e4a7814-52c8-4c54-b660-a64d029e89c5/element/fef48fdd-dde6-4492-87a0-fca64fbf6b71/clear [39m[32m200[39m [90m17 ms - 14[39m
[35m[HTTP][39m [90m[39m
[35m[HTTP][39m [37m-->[39m [37mPOST[39m [37m/wd/hub/session/4e4a7814-52c8-4c54-b660-a64d029e89c5/element/fef48fdd-dde6-4492-87a0-fca64fbf6b71/value[39m
[35m[HTTP][39m [90m{"id":"fef48fdd-dde6-4492-87a0-fca64fbf6b71","text":"123","value":["1","2","3"]}[39m
[35m[WD Proxy][39m Got response with status 400: {"sessionId":"c613d821-c1a2-40ab-aa4f-4830d9330420","value":{"error":"invalid element state","message":"Cannot set the element to '123'. Did you interact with the correct element?","stacktrace":"io.appium.uiautomator2.common.exceptions.InvalidElementStateException: Cannot set the element to '123'. Did you interact with the correct element?\n\tat io.appium.uiautomator2.handler.SendKeysToElement.setText(SendKeysToElement.java:87)\n\tat io.appium.uiautomator2.handler.SendKeysToElement.safeHandle(SendKeysToElement.java:115)\n\tat io.appium.uiautomator2.handler.request.SafeRequestHandler.handle(SafeRequestHandler.java:41)\n\tat io.appium.uiautomator2.server.AppiumServlet.handleRequest(AppiumServlet.java:261)\n\tat io.appium.uiautomator2.server.AppiumServlet.handleHttpRequest(AppiumServlet.java:255)\n\tat io.appium.uiautomator2.http.ServerHandler.channelRead(ServerHandler.java:68)\n\tat io.netty.channel.AbstractChannelHandlerContext.invokeChannelRead(AbstractChannelHandlerContext.java:366)\n\tat io.netty.channel...
[35m[HTTP][39m [37m<-- POST /wd/hub/session/4e4a7814-52c8-4c54-b660-a64d029e89c5/element/fef48fdd-dde6-4492-87a0-fca64fbf6b71/value [39m[33m400[39m [90m90 ms - 3885[39m
[35m[HTTP][39m [90m[39m
[35m[HTTP][39m [37m-->[39m [37mPOST[39m [37m/wd/hub/session/4e4a7814-52c8-4c54-b660-a64d029e89c5/elements[39m
[35m[HTTP][39m [90m{"using":"xpath","value":"//*[@class = 'android.widget.Button' and (@text = 'Send' or . = 'Send') and @resource-id = 'io.appium.android.apis:id/sms_send_message']"}[39m
[35m[HTTP][39m [37m<-- POST /wd/hub/session/4e4a7814-52c8-4c54-b660-a64d029e89c5/elements [39m[32m200[39m [90m41 ms - 139[39m
[35m[HTTP][39m [90m[39m
[35m[HTTP][39m [37m-->[39m [37mGET[39m [37m/wd/hub/session/4e4a7814-52c8-4c54-b660-a64d029e89c5/window/rect[39m
[35m[HTTP][39m [90m{}[39m
[35m[HTTP][39m [37m<-- GET /wd/hub/session/4e4a7814-52c8-4c54-b660-a64d029e89c5/window/rect [39m[32m200[39m [90m13 ms - 49[39m
[35m[HTTP][39m [90m[39m
[35m[HTTP][39m [37m-->[39m [37mPOST[39m [37m/wd/hub/session/4e4a7814-52c8-4c54-b660-a64d029e89c5/elements[39m
[35m[HTTP][39m [90m{"using":"xpath","value":"//*[@class = 'android.widget.Button' and (@text = 'Send' or . = 'Send') and @resource-id = 'io.appium.android.apis:id/sms_send_message']"}[39m
[35m[HTTP][39m [37m<-- POST /wd/hub/session/4e4a7814-52c8-4c54-b660-a64d029e89c5/elements [39m[32m200[39m [90m41 ms - 139[39m
[35m[HTTP][39m [90m[39m
[35m[HTTP][39m [37m-->[39m [37mGET[39m [37m/wd/hub/session/4e4a7814-52c8-4c54-b660-a64d029e89c5/element/25bdbcd1-cab1-4057-ac11-4fd7207d4831/location[39m
[35m[HTTP][39m [90m{}[39m
[35m[W3C (4e4a7814)][39m Driver proxy active, passing request on via HTTP proxy
[35m[WD Proxy][39m Replacing sessionId c613d821-c1a2-40ab-aa4f-4830d9330420 with 4e4a7814-52c8-4c54-b660-a64d029e89c5
[35m[HTTP][39m [37m<-- GET /wd/hub/session/4e4a7814-52c8-4c54-b660-a64d029e89c5/element/25bdbcd1-cab1-4057-ac11-4fd7207d4831/location [39m[32m200[39m [90m17 ms - 78[39m
[35m[HTTP][39m [90m[39m
[35m[HTTP][39m [37m-->[39m [37mPOST[39m [37m/wd/hub/session/4e4a7814-52c8-4c54-b660-a64d029e89c5/touch/perform[39m
[35m[HTTP][39m [90m{"actions":[{"action":"tap","options":{"x":1,"y":1,"element":"25bdbcd1-cab1-4057-ac11-4fd7207d4831"}}]}[39m
[35m[UiAutomator2][39m calling get location: 25bdbcd1-cab1-4057-ac11-4fd7207d4831
[35m[HTTP][39m [37m<-- POST /wd/hub/session/4e4a7814-52c8-4c54-b660-a64d029e89c5/touch/perform [39m[32m200[39m [90m203 ms - 14[39m
[35m[HTTP][39m [90m[39m
[35m[HTTP][39m [37m-->[39m [37mGET[39m [37m/wd/hub/session/4e4a7814-52c8-4c54-b660-a64d029e89c5/source[39m
[35m[HTTP][39m [90m{}[39m
[35m[W3C (4e4a7814)][39m Driver proxy active, passing request on via HTTP proxy
[35m[WD Proxy][39m Replacing sessionId c613d821-c1a2-40ab-aa4f-4830d9330420 with 4e4a7814-52c8-4c54-b660-a64d029e89c5
[35m[HTTP][39m [37m<-- GET /wd/hub/session/4e4a7814-52c8-4c54-b660-a64d029e89c5/source [39m[32m200[39m [90m512 ms - 10466[39m
[35m[HTTP][39m [90m[39m
[35m[HTTP][39m [37m-->[39m [37mGET[39m [37m/wd/hub/session/4e4a7814-52c8-4c54-b660-a64d029e89c5/screenshot[39m
[35m[HTTP][39m [90m{}[39m
[35m[HTTP][39m [37m<-- GET /wd/hub/session/4e4a7814-52c8-4c54-b660-a64d029e89c5/screenshot [39m[32m200[39m [90m484 ms - 84270[39m
[35m[HTTP][39m [90m[39m
[35m[HTTP][39m [37m-->[39m [37mDELETE[39m [37m/wd/hub/session/4e4a7814-52c8-4c54-b660-a64d029e89c5[39m
[35m[HTTP][39m [90m{}[39m
[35m[Appium][39m Removing session 4e4a7814-52c8-4c54-b660-a64d029e89c5 from our master session list
[35m[UiAutomator2][39m Restoring hidden api policy to the device default configuration
[35m[HTTP][39m [37m<-- DELETE /wd/hub/session/4e4a7814-52c8-4c54-b660-a64d029e89c5 [39m[32m200[39m [90m690 ms - 14[39m
[35m[HTTP][39m [90m[39m
